============================= test session starts ==============================
platform linux -- Python 3.12.13, pytest-8.4.2, pluggy-1.6.0
rootdir: /home/runner/work/deal-intelligence/deal-intelligence
configfile: pyproject.toml
plugins: hydra-core-1.3.3
collected 11 items / 2 errors

==================================== ERRORS ====================================
________ ERROR collecting tests/test_features/test_tabular_features.py _________
tests/test_features/test_tabular_features.py:8: in <module>
    from src.features.tabular_features import compute_deal_features, validate_features_df
src/features/__init__.py:4: in <module>
    from src.features.text_features import build_text_features, validate_text_features_df
src/features/text_features.py:389: in <module>
    ) -> Tuple[Union[BERTopic, FallbackKMeansTopicModel], List[int]]:
                     ^^^^^^^^
E   NameError: name 'BERTopic' is not defined
__________ ERROR collecting tests/test_features/test_text_features.py __________
tests/test_features/test_text_features.py:10: in <module>
    import src.features.text_features
src/features/__init__.py:4: in <module>
    from src.features.text_features import build_text_features, validate_text_features_df
src/features/text_features.py:389: in <module>
    ) -> Tuple[Union[BERTopic, FallbackKMeansTopicModel], List[int]]:
                     ^^^^^^^^
E   NameError: name 'BERTopic' is not defined
=========================== short test summary info ============================
ERROR tests/test_features/test_tabular_features.py - NameError: name 'BERTopic' is not defined
ERROR tests/test_features/test_text_features.py - NameError: name 'BERTopic' is not defined
!!!!!!!!!!!!!!!!!!! Interrupted: 2 errors during collection !!!!!!!!!!!!!!!!!!!!
============================== 2 errors in 2.09s ===============================
